<?xml version="1.0" encoding="UTF-8"?>
<testng-results skipped="0" failed="0" ignored="0" total="1" passed="1">
  <reporter-output>
  </reporter-output>
  <suite name="Suite1" duration-ms="53798" started-at="2017-05-11T08:03:50Z" finished-at="2017-05-11T08:04:44Z">
    <groups>
    </groups>
    <test name="Onliner" duration-ms="53798" started-at="2017-05-11T08:03:50Z" finished-at="2017-05-11T08:04:44Z">
      <class name="onliner.tests.OnlinerTest">
        <test-method status="PASS" signature="Onliner_shouldWork(java.lang.String, java.lang.String)[pri:0, instance:onliner.tests.OnlinerTest@66a3ffec]" name="Onliner_shouldWork" duration-ms="53739" started-at="2017-05-11T11:03:50Z" finished-at="2017-05-11T11:04:44Z">
          <params>
            <param index="0">
              <value>
                <![CDATA[vasilisademuanova2700@mail.ru]]>
              </value>
            </param>
            <param index="1">
              <value>
                <![CDATA[123456]]>
              </value>
            </param>
          </params>
          <reporter-output>
          </reporter-output>
        </test-method> <!-- Onliner_shouldWork -->
      </class> <!-- onliner.tests.OnlinerTest -->
    </test> <!-- Onliner -->
  </suite> <!-- Suite1 -->
</testng-results>
