<?xml version="1.0" encoding="UTF-8"?>
<testng-results skipped="0" failed="0" ignored="0" total="1" passed="1">
  <reporter-output>
  </reporter-output>
  <suite name="Surefire suite" duration-ms="30611" started-at="2017-05-08T19:43:45Z" finished-at="2017-05-08T19:44:15Z">
    <groups>
    </groups>
    <test name="Surefire test" duration-ms="30611" started-at="2017-05-08T19:43:45Z" finished-at="2017-05-08T19:44:15Z">
      <class name="OnlinerTest">
        <test-method status="PASS" signature="getBrouser()[pri:0, instance:OnlinerTest@42e26948]" name="getBrouser" is-config="true" duration-ms="4248" started-at="2017-05-08T22:43:45Z" finished-at="2017-05-08T22:43:49Z">
          <reporter-output>
          </reporter-output>
        </test-method> <!-- getBrouser -->
        <test-method status="PASS" signature="Onliner_shouldWork()[pri:0, instance:OnlinerTest@42e26948]" name="Onliner_shouldWork" duration-ms="26326" started-at="2017-05-08T22:43:49Z" finished-at="2017-05-08T22:44:15Z">
          <reporter-output>
          </reporter-output>
        </test-method> <!-- Onliner_shouldWork -->
      </class> <!-- OnlinerTest -->
    </test> <!-- Surefire test -->
  </suite> <!-- Surefire suite -->
</testng-results>
